<?xml version="1.0" encoding="UTF-8"?>
<!-- Generated by org.testng.reporters.JUnitReportReporter -->
<testsuite hostname="LAPTOP-N1OP881H" name="Practice.Sorting" tests="1" failures="0" timestamp="27 Feb 2020 06:48:26 GMT" time="0.158" errors="0">
  <testcase name="sorting" time="0.158" classname="Practice.Sorting"/>
</testsuite> <!-- Practice.Sorting -->
