<?xml version="1.0" encoding="UTF-8"?>
<!-- Generated by org.testng.reporters.JUnitReportReporter -->
<testsuite hostname="LAPTOP-N1OP881H" name="Practice.Practice_Class" tests="1" failures="0" timestamp="6 Feb 2020 05:36:08 GMT" time="15.481" errors="0">
  <testcase name="f" time="15.481" classname="Practice.Practice_Class"/>
</testsuite> <!-- Practice.Practice_Class -->
