<?xml version="1.0" encoding="UTF-8"?>
<!-- Generated by org.testng.reporters.JUnitReportReporter -->
<testsuite hostname="LAPTOP-N1OP881H" name="Practice.Window_Maximize" tests="1" failures="0" timestamp="6 Feb 2020 05:40:51 GMT" time="14.591" errors="0">
  <testcase name="f" time="14.591" classname="Practice.Window_Maximize"/>
</testsuite> <!-- Practice.Window_Maximize -->
