<?xml version="1.0" encoding="UTF-8"?>
<!-- Generated by org.testng.reporters.JUnitReportReporter -->
<testsuite hostname="LAPTOP-N1OP881H" name="Practice.Links" tests="1" failures="0" timestamp="13 Feb 2020 14:04:47 GMT" time="18.477" errors="0">
  <testcase name="f" time="18.477" classname="Practice.Links"/>
</testsuite> <!-- Practice.Links -->
