<?xml version="1.0" encoding="UTF-8"?>
<!-- Generated by org.testng.reporters.JUnitReportReporter -->
<testsuite hostname="LAPTOP-N1OP881H" name="Practice.Page_Refresh" tests="1" failures="0" timestamp="6 Feb 2020 05:42:26 GMT" time="16.720" errors="0">
  <testcase name="f" time="16.720" classname="Practice.Page_Refresh"/>
</testsuite> <!-- Practice.Page_Refresh -->
