<?xml version="1.0" encoding="UTF-8"?>
<!-- Generated by org.testng.reporters.JUnitReportReporter -->
<testsuite hostname="LAPTOP-N1OP881H" name="Practice.Scroll" tests="1" failures="0" timestamp="10 Feb 2020 06:29:36 GMT" time="16.533" errors="0">
  <testcase name="f" time="16.533" classname="Practice.Scroll"/>
</testsuite> <!-- Practice.Scroll -->
